<?xml version="1.0" encoding="UTF-8"?>
<!-- Generated by org.testng.reporters.JUnitReportReporter -->
<testsuite skipped="0" hostname="SBWIN595" name="com.nordson.MDS.TC_RuntimeSettings_MDSValidations" tests="9" failures="0" timestamp="2021-03-17T14:37:27 IST" time="825.589" errors="0">
  <testcase name="loginDDT" time="7.390" classname="com.nordson.MDS.TC_RuntimeSettings_MDSValidations"/>
  <system-out/>
  <testcase name="Test_RuntimeSetting_GlobalSetPoint_MDS_Celsius" time="56.579" classname="com.nordson.MDS.TC_RuntimeSettings_MDSValidations"/>
  <system-out/>
  <testcase name="Test_RuntimeSetting_TankSetPoint_MDS_Celsius" time="25.222" classname="com.nordson.MDS.TC_RuntimeSettings_MDSValidations"/>
  <system-out/>
  <testcase name="Test_RuntimeSetting_ManifoldSetPoint_MDS_Celsius" time="24.529" classname="com.nordson.MDS.TC_RuntimeSettings_MDSValidations"/>
  <system-out/>
  <testcase name="Test_RuntimeSetting_HoseAppSetPoint_MDS_Celsius" time="284.980" classname="com.nordson.MDS.TC_RuntimeSettings_MDSValidations"/>
  <system-out/>
  <testcase name="Test_RuntimeSetting_GlobalSetPoint_MDS_Farnheit" time="50.494" classname="com.nordson.MDS.TC_RuntimeSettings_MDSValidations"/>
  <system-out/>
  <testcase name="Test_RuntimeSetting_TankSetPoint_MDS_Farnheit" time="34.501" classname="com.nordson.MDS.TC_RuntimeSettings_MDSValidations"/>
  <system-out/>
  <testcase name="Test_RuntimeSetting_ManifoldSetPoint_MDS_Farnheit" time="34.943" classname="com.nordson.MDS.TC_RuntimeSettings_MDSValidations"/>
  <system-out/>
  <testcase name="Test_RuntimeSetting_HoseAppSetPoint_MDS_Farnheit" time="306.951" classname="com.nordson.MDS.TC_RuntimeSettings_MDSValidations"/>
  <system-out/>
</testsuite> <!-- com.nordson.MDS.TC_RuntimeSettings_MDSValidations -->
