<?xml version="1.0" encoding="UTF-8"?>
<!-- Generated by org.testng.reporters.JUnitReportReporter -->
<testsuite skipped="0" hostname="SBWIN595" name="com.nordson.MDS.TC_SystemSettings_MDSValidations" tests="10" failures="0" timestamp="2021-03-17T12:51:12 IST" time="153.093" errors="0">
  <testcase name="loginDDT" time="7.271" classname="com.nordson.MDS.TC_SystemSettings_MDSValidations"/>
  <system-out/>
  <testcase name="Test_Systemsettings_OverTempThreshold_MDS_Celsius" time="22.069" classname="com.nordson.MDS.TC_SystemSettings_MDSValidations"/>
  <system-out/>
  <testcase name="Test_Systemsettings_UnderTempThreshold_MDS_Celsius" time="13.792" classname="com.nordson.MDS.TC_SystemSettings_MDSValidations"/>
  <system-out/>
  <testcase name="Test_Systemsettings_TemperatureSetbck_MDS_Celsius" time="14.128" classname="com.nordson.MDS.TC_SystemSettings_MDSValidations"/>
  <system-out/>
  <testcase name="Test_Systemsettings_OverTempThreshold_MDS_Farnheit" time="28.213" classname="com.nordson.MDS.TC_SystemSettings_MDSValidations"/>
  <system-out/>
  <testcase name="Test_Systemsettings_UnderTempThreshold_MDS_Farnheit" time="13.282" classname="com.nordson.MDS.TC_SystemSettings_MDSValidations"/>
  <system-out/>
  <testcase name="Test_Systemsettings_TemperatureSetbck_MDS_Farnheit" time="12.883" classname="com.nordson.MDS.TC_SystemSettings_MDSValidations"/>
  <system-out/>
  <testcase name="Test_Systemsettings_SmartMeltTimeDelay_MDS" time="13.367" classname="com.nordson.MDS.TC_SystemSettings_MDSValidations"/>
  <system-out/>
  <testcase name="Test_Systemsettings_SystemSetBackDelay_MDS" time="15.399" classname="com.nordson.MDS.TC_SystemSettings_MDSValidations"/>
  <system-out/>
  <testcase name="Test_Systemsettings_AutoHeaterOffTime_MDS" time="12.689" classname="com.nordson.MDS.TC_SystemSettings_MDSValidations"/>
  <system-out/>
</testsuite> <!-- com.nordson.MDS.TC_SystemSettings_MDSValidations -->
