<?xml version="1.0" encoding="UTF-8"?>
<!-- Generated by org.testng.reporters.JUnitReportReporter -->
<testsuite skipped="0" hostname="SBWIN604" name="com.nordson.testCases.TC_Pressure_Validations_Kpa_Bar_Psi_Default_Values" tests="7" failures="0" timestamp="2021-03-19T17:54:33 IST" time="224.640" errors="0">
  <testcase name="loginDDT" time="7.006" classname="com.nordson.testCases.TC_Pressure_Validations_Kpa_Bar_Psi_Default_Values"/>
  <system-out/>
  <testcase name="Pressure_Validation_Kpa_default_values" time="37.786" classname="com.nordson.testCases.TC_Pressure_Validations_Kpa_Bar_Psi_Default_Values"/>
  <system-out/>
  <testcase name="Pressure_Validation_BAR_default_values" time="36.766" classname="com.nordson.testCases.TC_Pressure_Validations_Kpa_Bar_Psi_Default_Values"/>
  <system-out/>
  <testcase name="Pressure_Validation_PSI_default_values" time="32.671" classname="com.nordson.testCases.TC_Pressure_Validations_Kpa_Bar_Psi_Default_Values"/>
  <system-out/>
  <testcase name="Pressure_Validation_Kpa_Default_Values_with_Hydraulic_Pump_Ratio_STD_STD_DA" time="41.312" classname="com.nordson.testCases.TC_Pressure_Validations_Kpa_Bar_Psi_Default_Values"/>
  <system-out/>
  <testcase name="Pressure_Validation_BAR_Default_Values_with_Hydraulic_Pump_Ratio_STD_STD_DA" time="36.559" classname="com.nordson.testCases.TC_Pressure_Validations_Kpa_Bar_Psi_Default_Values"/>
  <system-out/>
  <testcase name="Pressure_Validation_PSI_Default_Values_with_Hydraulic_Pump_Ratio_STD_STD_DA" time="32.540" classname="com.nordson.testCases.TC_Pressure_Validations_Kpa_Bar_Psi_Default_Values"/>
  <system-out/>
</testsuite> <!-- com.nordson.testCases.TC_Pressure_Validations_Kpa_Bar_Psi_Default_Values -->
