<?xml version="1.0" encoding="UTF-8"?>
<!-- Generated by org.testng.reporters.JUnitReportReporter -->
<testsuite skipped="0" hostname="SBWIN604" name="com.nordson.testCases.TC_LoginTest_DDT_001" tests="1" failures="0" timestamp="2020-11-20T14:11:12 IST" time="9.072" errors="0">
  <testcase name="loginDDT" time="9.072" classname="com.nordson.testCases.TC_LoginTest_DDT_001"/>
  <system-out/>
</testsuite> <!-- com.nordson.testCases.TC_LoginTest_DDT_001 -->
