<?xml version="1.0" encoding="UTF-8"?>
<!-- Generated by org.testng.reporters.JUnitReportReporter -->
<testsuite skipped="0" hostname="SBWIN604" name="com.nordson.testCases.TC_Pressure_Min_Max_Data_Validations" tests="29" failures="0" timestamp="2021-03-19T17:54:33 IST" time="598.246" errors="0">
  <testcase name="loginDDT" time="7.121" classname="com.nordson.testCases.TC_Pressure_Min_Max_Data_Validations"/>
  <system-out/>
  <testcase name="Pressure_Validation_Kpa_Clear_Data_Min_Save" time="34.710" classname="com.nordson.testCases.TC_Pressure_Min_Max_Data_Validations"/>
  <system-out/>
  <testcase name="Pressure_Validation_Kpa_Clear_Data_Max_Save" time="9.841" classname="com.nordson.testCases.TC_Pressure_Min_Max_Data_Validations"/>
  <system-out/>
  <testcase name="PressureValues_Kpa_Min_0_Max_0" time="21.820" classname="com.nordson.testCases.TC_Pressure_Min_Max_Data_Validations"/>
  <system-out/>
  <testcase name="PressureValues_Kpa_Min_0_Max_0" time="21.854" classname="com.nordson.testCases.TC_Pressure_Min_Max_Data_Validations"/>
  <system-out/>
  <testcase name="PressureValues_Kpa_Min_0_Max_0" time="21.889" classname="com.nordson.testCases.TC_Pressure_Min_Max_Data_Validations"/>
  <system-out/>
  <testcase name="PressureValues_Kpa_Min_0_Max_0" time="21.960" classname="com.nordson.testCases.TC_Pressure_Min_Max_Data_Validations"/>
  <system-out/>
  <testcase name="PressureValues_Kpa_Min_0_Max_0" time="22.016" classname="com.nordson.testCases.TC_Pressure_Min_Max_Data_Validations"/>
  <system-out/>
  <testcase name="PressureValues_Kpa_Min_0_Max_691" time="21.837" classname="com.nordson.testCases.TC_Pressure_Min_Max_Data_Validations"/>
  <system-out/>
  <testcase name="PressureValues_Kpa_Min_0_Max_691" time="22.007" classname="com.nordson.testCases.TC_Pressure_Min_Max_Data_Validations"/>
  <system-out/>
  <testcase name="PressureValues_Kpa_Min_0_Max_691" time="21.748" classname="com.nordson.testCases.TC_Pressure_Min_Max_Data_Validations"/>
  <system-out/>
  <testcase name="PressureValues_Kpa_Min_0_Max_690" time="6.673" classname="com.nordson.testCases.TC_Pressure_Min_Max_Data_Validations"/>
  <system-out/>
  <testcase name="Pressure_Validation_BAR_Clear_Data_Min_Save" time="29.164" classname="com.nordson.testCases.TC_Pressure_Min_Max_Data_Validations"/>
  <system-out/>
  <testcase name="Pressure_Validation_BAR_Clear_Data_Max_Save" time="24.845" classname="com.nordson.testCases.TC_Pressure_Min_Max_Data_Validations"/>
  <system-out/>
  <testcase name="PressureValues_BAR_Same_Min_Max" time="21.819" classname="com.nordson.testCases.TC_Pressure_Min_Max_Data_Validations"/>
  <system-out/>
  <testcase name="PressureValues_BAR_Same_Min_Max" time="21.772" classname="com.nordson.testCases.TC_Pressure_Min_Max_Data_Validations"/>
  <system-out/>
  <testcase name="PressureValues_BAR_Same_Min_Max" time="21.865" classname="com.nordson.testCases.TC_Pressure_Min_Max_Data_Validations"/>
  <system-out/>
  <testcase name="PressureValues_BAR_Same_Min_Max" time="21.909" classname="com.nordson.testCases.TC_Pressure_Min_Max_Data_Validations"/>
  <system-out/>
  <testcase name="PressureValues_Min_19_Max_2" time="21.960" classname="com.nordson.testCases.TC_Pressure_Min_Max_Data_Validations"/>
  <system-out/>
  <testcase name="PressureValuesMin_0_Max_690" time="6.737" classname="com.nordson.testCases.TC_Pressure_Min_Max_Data_Validations"/>
  <system-out/>
  <testcase name="Pressure_Validation_PSI_Clear_Data_Min_Save" time="29.350" classname="com.nordson.testCases.TC_Pressure_Min_Max_Data_Validations"/>
  <system-out/>
  <testcase name="Pressure_Validation_PSI_Clear_Data_Max_Save" time="24.805" classname="com.nordson.testCases.TC_Pressure_Min_Max_Data_Validations"/>
  <system-out/>
  <testcase name="PressureValues_PSI_Min_Max_0_101" time="21.954" classname="com.nordson.testCases.TC_Pressure_Min_Max_Data_Validations"/>
  <system-out/>
  <testcase name="PressureValues_PSI_Min_Max_0_101" time="21.756" classname="com.nordson.testCases.TC_Pressure_Min_Max_Data_Validations"/>
  <system-out/>
  <testcase name="PressureValues_PSI_Same_Min_Max" time="21.807" classname="com.nordson.testCases.TC_Pressure_Min_Max_Data_Validations"/>
  <system-out/>
  <testcase name="PressureValues_PSI_Min_Max_0_101" time="21.854" classname="com.nordson.testCases.TC_Pressure_Min_Max_Data_Validations"/>
  <system-out/>
  <testcase name="PressureValues_PSI_Min_Max_0_101" time="21.791" classname="com.nordson.testCases.TC_Pressure_Min_Max_Data_Validations"/>
  <system-out/>
  <testcase name="PressureValues_PSI_Min_Max_0_101" time="21.773" classname="com.nordson.testCases.TC_Pressure_Min_Max_Data_Validations"/>
  <system-out/>
  <testcase name="PressureValues_PSI_Min_Max_0_100" time="9.609" classname="com.nordson.testCases.TC_Pressure_Min_Max_Data_Validations"/>
  <system-out/>
</testsuite> <!-- com.nordson.testCases.TC_Pressure_Min_Max_Data_Validations -->
