<?xml version="1.0" encoding="UTF-8"?>
<!-- Generated by org.testng.reporters.JUnitReportReporter -->
<testsuite skipped="0" hostname="SBWIN604" name="com.nordson.testCases.TC_Registration_DDT_002" tests="1" failures="0" timestamp="2021-06-28T18:44:39 IST" time="24.822" errors="0">
  <testcase name="RegistrationDDT" time="24.822" classname="com.nordson.testCases.TC_Registration_DDT_002"/>
  <system-out/>
</testsuite> <!-- com.nordson.testCases.TC_Registration_DDT_002 -->
