<?xml version="1.0" encoding="UTF-8"?>
<!-- Generated by org.testng.reporters.JUnitReportReporter -->
<testsuite skipped="0" hostname="SBWIN604" name="com.nordson.testCases.TC_Pressure_Validations_Kpa_Bar_Psi_Default_Values" tests="7" failures="0" timestamp="2021-02-24T19:43:20 IST" time="219.718" errors="0">
  <testcase name="loginDDT" time="6.868" classname="com.nordson.testCases.TC_Pressure_Validations_Kpa_Bar_Psi_Default_Values"/>
  <system-out/>
  <testcase name="Pressure_Validation_Kpa_default_values" time="36.991" classname="com.nordson.testCases.TC_Pressure_Validations_Kpa_Bar_Psi_Default_Values"/>
  <system-out/>
  <testcase name="Pressure_Validation_BAR_default_values" time="36.016" classname="com.nordson.testCases.TC_Pressure_Validations_Kpa_Bar_Psi_Default_Values"/>
  <system-out/>
  <testcase name="Pressure_Validation_PSI_default_values" time="31.919" classname="com.nordson.testCases.TC_Pressure_Validations_Kpa_Bar_Psi_Default_Values"/>
  <system-out/>
  <testcase name="Pressure_Validation_Kpa_Default_Values_with_Hydraulic_Pump_Ratio_STD_STD_DA" time="40.102" classname="com.nordson.testCases.TC_Pressure_Validations_Kpa_Bar_Psi_Default_Values"/>
  <system-out/>
  <testcase name="Pressure_Validation_BAR_Default_Values_with_Hydraulic_Pump_Ratio_STD_STD_DA" time="35.931" classname="com.nordson.testCases.TC_Pressure_Validations_Kpa_Bar_Psi_Default_Values"/>
  <system-out/>
  <testcase name="Pressure_Validation_PSI_Default_Values_with_Hydraulic_Pump_Ratio_STD_STD_DA" time="31.891" classname="com.nordson.testCases.TC_Pressure_Validations_Kpa_Bar_Psi_Default_Values"/>
  <system-out/>
</testsuite> <!-- com.nordson.testCases.TC_Pressure_Validations_Kpa_Bar_Psi_Default_Values -->
