<?xml version="1.0" encoding="UTF-8"?>
<!-- Generated by org.testng.reporters.JUnitReportReporter -->
<testsuite skipped="0" hostname="SBWIN595" name="com.nordson.testCases.TC_Registration_DDT_002" tests="1" failures="0" timestamp="2021-06-16T11:07:25 IST" time="26.048" errors="0">
  <testcase name="RegistrationDDT" time="26.048" classname="com.nordson.testCases.TC_Registration_DDT_002"/>
  <system-out/>
</testsuite> <!-- com.nordson.testCases.TC_Registration_DDT_002 -->
