<?xml version="1.0" encoding="UTF-8"?>
<!-- Generated by org.testng.reporters.JUnitReportReporter -->
<testsuite skipped="0" hostname="SBWIN604" name="com.nordson.testCases.TC_Registration_DDT_002" tests="1" failures="0" timestamp="2020-11-20T19:59:48 IST" time="14.260" errors="0">
  <testcase name="RegistrationDDT" time="14.260" classname="com.nordson.testCases.TC_Registration_DDT_002"/>
  <system-out/>
</testsuite> <!-- com.nordson.testCases.TC_Registration_DDT_002 -->
