<?xml version="1.0" encoding="UTF-8"?>
<!-- Generated by org.testng.reporters.JUnitReportReporter -->
<testsuite skipped="0" hostname="SBWIN604" name="com.nordson.testCases.TC_Pressure_Data_MDS" tests="3" failures="0" timestamp="2021-03-08T21:45:00 IST" time="59.489" errors="0">
  <testcase name="loginDDT" time="7.152" classname="com.nordson.testCases.TC_Pressure_Data_MDS"/>
  <system-out/>
  <testcase name="Pressure_Data_MDS_File" time="29.446" classname="com.nordson.testCases.TC_Pressure_Data_MDS"/>
  <system-out/>
  <testcase name="PressureValues_Kpa_Min_40" time="22.891" classname="com.nordson.testCases.TC_Pressure_Data_MDS"/>
  <system-out/>
</testsuite> <!-- com.nordson.testCases.TC_Pressure_Data_MDS -->
