<?xml version="1.0" encoding="UTF-8"?>
<!-- Generated by org.testng.reporters.JUnitReportReporter -->
<testsuite skipped="0" hostname="SBWIN595" name="com.nordson.testCases.TC_LoginTest_DDT_001" tests="1" failures="0" timestamp="2021-02-25T15:09:38 IST" time="7.397" errors="0">
  <testcase name="loginDDT" time="7.397" classname="com.nordson.testCases.TC_LoginTest_DDT_001"/>
  <system-out/>
</testsuite> <!-- com.nordson.testCases.TC_LoginTest_DDT_001 -->
