<?xml version="1.0" encoding="UTF-8"?>
<!-- Generated by org.testng.reporters.JUnitReportReporter -->
<testsuite skipped="0" hostname="SBWIN604" name="com.nordson.testCases.TC_LoginTest_001" tests="1" failures="0" timestamp="2020-11-19T19:58:50 IST" time="8.019" errors="0">
  <testcase name="LoginTest" time="8.019" classname="com.nordson.testCases.TC_LoginTest_001"/>
  <system-out/>
</testsuite> <!-- com.nordson.testCases.TC_LoginTest_001 -->
