<?xml version="1.0" encoding="UTF-8"?>
<!-- Generated by org.testng.reporters.JUnitReportReporter -->
<testsuite skipped="0" hostname="SBWIN604" name="com.nordson.testCases.TC_Pressure_Min_Max_Data_Validations" tests="16" failures="0" timestamp="2021-02-24T19:43:20 IST" time="303.804" errors="0">
  <testcase name="loginDDT" time="6.786" classname="com.nordson.testCases.TC_Pressure_Min_Max_Data_Validations"/>
  <system-out/>
  <testcase name="Pressure_Validation_Kpa_Clear_Data_Min_Save" time="33.216" classname="com.nordson.testCases.TC_Pressure_Min_Max_Data_Validations"/>
  <system-out/>
  <testcase name="Pressure_Validation_Kpa_Clear_Data_Max_Save" time="9.586" classname="com.nordson.testCases.TC_Pressure_Min_Max_Data_Validations"/>
  <system-out/>
  <testcase name="PressureValues_Kpa_Min_0_Max_0" time="21.085" classname="com.nordson.testCases.TC_Pressure_Min_Max_Data_Validations"/>
  <system-out/>
  <testcase name="PressureValues_Kpa_Min_0_Max_691" time="21.232" classname="com.nordson.testCases.TC_Pressure_Min_Max_Data_Validations"/>
  <system-out/>
  <testcase name="PressureValues_Kpa_Min_0_Max_690" time="6.451" classname="com.nordson.testCases.TC_Pressure_Min_Max_Data_Validations"/>
  <system-out/>
  <testcase name="Pressure_Validation_BAR_Clear_Data_Min_Save" time="28.123" classname="com.nordson.testCases.TC_Pressure_Min_Max_Data_Validations"/>
  <system-out/>
  <testcase name="Pressure_Validation_BAR_Clear_Data_Max_Save" time="24.330" classname="com.nordson.testCases.TC_Pressure_Min_Max_Data_Validations"/>
  <system-out/>
  <testcase name="PressureValues_BAR_Same_Min_Max" time="21.246" classname="com.nordson.testCases.TC_Pressure_Min_Max_Data_Validations"/>
  <system-out/>
  <testcase name="PressureValues_Min_19_Max_2" time="21.167" classname="com.nordson.testCases.TC_Pressure_Min_Max_Data_Validations"/>
  <system-out/>
  <testcase name="PressureValuesMin_0_Max_690" time="6.354" classname="com.nordson.testCases.TC_Pressure_Min_Max_Data_Validations"/>
  <system-out/>
  <testcase name="Pressure_Validation_PSI_Clear_Data_Min_Save" time="28.156" classname="com.nordson.testCases.TC_Pressure_Min_Max_Data_Validations"/>
  <system-out/>
  <testcase name="Pressure_Validation_PSI_Clear_Data_Max_Save" time="24.263" classname="com.nordson.testCases.TC_Pressure_Min_Max_Data_Validations"/>
  <system-out/>
  <testcase name="PressureValues_PSI_Same_Min_Max" time="21.155" classname="com.nordson.testCases.TC_Pressure_Min_Max_Data_Validations"/>
  <system-out/>
  <testcase name="PressureValues_PSI_Min_Max_0_101" time="21.248" classname="com.nordson.testCases.TC_Pressure_Min_Max_Data_Validations"/>
  <system-out/>
  <testcase name="PressureValues_PSI_Min_Max_0_100" time="9.406" classname="com.nordson.testCases.TC_Pressure_Min_Max_Data_Validations"/>
  <system-out/>
</testsuite> <!-- com.nordson.testCases.TC_Pressure_Min_Max_Data_Validations -->
