<?xml version="1.0" encoding="UTF-8"?>
<!-- Generated by org.testng.reporters.JUnitReportReporter -->
<testsuite skipped="0" hostname="SBWIN604" name="com.nordson.testCases.TC_VerifyLinkTests_003" tests="1" failures="0" timestamp="2020-11-19T19:58:50 IST" time="20.840" errors="0">
  <testcase name="LinksLoginDDT" time="20.840" classname="com.nordson.testCases.TC_VerifyLinkTests_003"/>
  <system-out/>
</testsuite> <!-- com.nordson.testCases.TC_VerifyLinkTests_003 -->
