<?xml version="1.0" encoding="UTF-8"?>
<!-- Generated by org.testng.reporters.JUnitReportReporter -->
<testsuite skipped="0" hostname="SBWIN604" name="com.nordson.testCases.TC_VerifyLinkTests_003" tests="1" failures="0" timestamp="2021-03-19T17:38:42 IST" time="16.842" errors="0">
  <testcase name="LinksLoginDDT" time="16.842" classname="com.nordson.testCases.TC_VerifyLinkTests_003"/>
  <system-out/>
</testsuite> <!-- com.nordson.testCases.TC_VerifyLinkTests_003 -->
